<?xml version="1.0" encoding="UTF-8"?>
<!-- Generated by org.testng.reporters.JUnitXMLReporter -->
<testsuite hostname="DESKTOP-C64J8NP" ignored="0" name="Chrome Execution" tests="5" failures="2" timestamp="31 Jul 2020 04:05:54 GMT" time="52.847" errors="0">
  <testcase name="Test0" time="10.045" classname="test.InvalidTest"/>
  <testcase name="Test1" time="2.214" classname="test.InvalidTest"/>
  <testcase name="Test2" time="9.637" classname="test.InvalidTest"/>
  <testcase name="Test3" time="4.362" classname="test.InvalidTest">
    <failure type="java.lang.AssertionError" message="Doesnt contain 0 expected [true] but found [false]">
      <![CDATA[java.lang.AssertionError: Doesnt contain 0 expected [true] but found [false]
at test.InvalidTest.Test3(InvalidTest.java:101)
... Removed 31 stack frames]]>
    </failure>
  </testcase> <!-- Test3 -->
  <testcase name="Test4" time="4.324" classname="test.InvalidTest">
    <failure type="java.lang.AssertionError" message="Doesnt contain 0 expected [true] but found [false]">
      <![CDATA[java.lang.AssertionError: Doesnt contain 0 expected [true] but found [false]
at test.InvalidTest.Test4(InvalidTest.java:119)
... Removed 31 stack frames]]>
    </failure>
  </testcase> <!-- Test4 -->
</testsuite> <!-- Chrome Execution -->
