<?xml version="1.0" encoding="UTF-8"?>
<!-- Generated by org.testng.reporters.JUnitXMLReporter -->
<testsuite hostname="DESKTOP-C64J8NP" ignored="0" name="Chrome Execution" tests="5" failures="2" timestamp="10 Aug 2020 09:16:03 GMT" time="28.865" errors="0">
  <testcase name="Test0" time="6.005" classname="test.InvalidTest"/>
  <testcase name="Test1" time="1.204" classname="test.InvalidTest"/>
  <testcase name="Test2" time="5.501" classname="test.InvalidTest"/>
  <testcase name="Test3" time="3.425" classname="test.InvalidTest">
    <failure type="java.lang.AssertionError" message="Doesnt contain 0 expected [true] but found [false]">
      <![CDATA[java.lang.AssertionError: Doesnt contain 0 expected [true] but found [false]
at test.InvalidTest.Test3(InvalidTest.java:101)
... Removed 31 stack frames]]>
    </failure>
  </testcase> <!-- Test3 -->
  <testcase name="Test4" time="3.131" classname="test.InvalidTest">
    <failure type="java.lang.AssertionError" message="Doesnt contain 0 expected [true] but found [false]">
      <![CDATA[java.lang.AssertionError: Doesnt contain 0 expected [true] but found [false]
at test.InvalidTest.Test4(InvalidTest.java:119)
... Removed 31 stack frames]]>
    </failure>
  </testcase> <!-- Test4 -->
</testsuite> <!-- Chrome Execution -->
