<?xml version="1.0" encoding="UTF-8"?>
<!-- Generated by org.testng.reporters.JUnitXMLReporter -->
<testsuite hostname="DESKTOP-C64J8NP" ignored="0" name="Firefox Execution" tests="5" failures="2" timestamp="30 Jul 2020 03:47:51 GMT" time="38.414" errors="0">
  <testcase name="Test0" time="9.162" classname="test.InvalidTest"/>
  <testcase name="Test1" time="1.467" classname="test.InvalidTest"/>
  <testcase name="Test2" time="5.253" classname="test.InvalidTest"/>
  <testcase name="Test3" time="3.736" classname="test.InvalidTest">
    <failure type="java.lang.AssertionError" message="Doesnt contain 0 expected [true] but found [false]">
      <![CDATA[java.lang.AssertionError: Doesnt contain 0 expected [true] but found [false]
at test.InvalidTest.Test3(InvalidTest.java:101)
... Removed 31 stack frames]]>
    </failure>
  </testcase> <!-- Test3 -->
  <testcase name="Test4" time="3.366" classname="test.InvalidTest">
    <failure type="java.lang.AssertionError" message="Doesnt contain 0 expected [true] but found [false]">
      <![CDATA[java.lang.AssertionError: Doesnt contain 0 expected [true] but found [false]
at test.InvalidTest.Test4(InvalidTest.java:119)
... Removed 31 stack frames]]>
    </failure>
  </testcase> <!-- Test4 -->
</testsuite> <!-- Firefox Execution -->
